\BOOKMARK [1][-]{section.1}{\376\377\000K\000u\000r\000z\000b\000e\000s\000c\000h\000r\000e\000i\000b\000u\000n\000g\000:}{}% 1
\BOOKMARK [1][-]{section.2}{\376\377\000Z\000i\000e\000l\000g\000r\000u\000p\000p\000e\000\040\000N\000u\000t\000z\000e\000r\000\040\000u\000n\000d\000\040\000B\000e\000e\000i\000n\000f\000l\000u\000s\000s\000e\000r\000:}{}% 2
\BOOKMARK [1][-]{section.3}{\376\377\000F\000u\000n\000k\000t\000i\000o\000n\000e\000n}{}% 3
\BOOKMARK [1][-]{section.4}{\376\377\000R\000e\000f\000e\000r\000e\000n\000z\000d\000o\000k\000u\000m\000e\000n\000t}{}% 4
\BOOKMARK [1][-]{section.5}{\376\377\000K\000o\000m\000p\000l\000e\000t\000t\000e\000s\000\040\000P\000r\000o\000d\000u\000c\000t\000-\000B\000a\000c\000k\000l\000o\000g\000\040\000a\000l\000s\000\040\000T\000a\000b\000e\000l\000l\000e}{}% 5
\BOOKMARK [1][-]{section.6}{\376\377\000T\000e\000c\000h\000n\000o\000l\000o\000g\000i\000e\000n\000/\000R\000e\000q\000u\000i\000r\000e\000m\000e\000n\000t\000s}{}% 6
\BOOKMARK [1][-]{section.7}{\376\377\000V\000e\000r\000z\000e\000i\000c\000h\000n\000i\000s\000s\000t\000r\000u\000k\000t\000u\000r}{}% 7
\BOOKMARK [1][-]{section.8}{\376\377\000B\000e\000s\000c\000h\000r\000e\000i\000b\000u\000n\000g\000\040\000d\000e\000r\000\040\000D\000a\000t\000e\000n\000s\000t\000r\000u\000k\000t\000u\000r\000e\000n\000\040\000u\000n\000d\000\040\000T\000a\000b\000e\000l\000l\000e\000n}{}% 8
\BOOKMARK [2][-]{subsection.8.1}{\376\377\000r\000e\000c\000i\000p\000i\000e}{section.8}% 9
\BOOKMARK [2][-]{subsection.8.2}{\376\377\000c\000o\000u\000n\000t\000r\000y}{section.8}% 10
\BOOKMARK [2][-]{subsection.8.3}{\376\377\000t\000a\000g}{section.8}% 11
\BOOKMARK [2][-]{subsection.8.4}{\376\377\000r\000e\000c\000i\000p\000i\000e\000\137\000c\000a\000t\000e\000g\000o\000r\000y}{section.8}% 12
\BOOKMARK [2][-]{subsection.8.5}{\376\377\000r\000e\000c\000i\000p\000i\000e\000\137\000i\000n\000g\000r\000i\000d\000i\000e\000n\000t}{section.8}% 13
\BOOKMARK [2][-]{subsection.8.6}{\376\377\000u\000s\000e\000r\000\137\000p\000a\000s\000s}{section.8}% 14
\BOOKMARK [2][-]{subsection.8.7}{\376\377\000r\000e\000c\000i\000p\000i\000e\000\137\000c\000o\000u\000n\000t\000r\000y}{section.8}% 15
\BOOKMARK [2][-]{subsection.8.8}{\376\377\000r\000e\000c\000i\000p\000i\000e\000\137\000t\000a\000g}{section.8}% 16
\BOOKMARK [2][-]{subsection.8.9}{\376\377\000c\000a\000t\000e\000g\000o\000r\000y}{section.8}% 17
\BOOKMARK [2][-]{subsection.8.10}{\376\377\000i\000n\000g\000i\000d\000i\000e\000n\000t}{section.8}% 18
\BOOKMARK [2][-]{subsection.8.11}{\376\377\000u\000s\000e\000r\000\137\000r\000e\000c\000i\000p\000i\000e}{section.8}% 19
\BOOKMARK [1][-]{section.9}{\376\377\000I\000n\000s\000t\000a\000l\000l\000a\000t\000i\000o\000n\000s\000a\000n\000l\000e\000i\000t\000u\000n\000g}{}% 20
